The system is: Linux - 5.10.16.3-microsoft-standard-WSL2 - x86_64
Compiling the C compiler identification source file "CMakeCCompilerId.c" succeeded.
Compiler: /usr/bin/cc 
Build flags: 
Id flags:  

The output was:
0


Compilation of the C compiler identification source "CMakeCCompilerId.c" produced "a.out"

The C compiler identification is GNU, found in "/mnt/c/Users/home/Desktop/aed2122_p05/cmake-build-debug/CMakeFiles/3.16.3/CompilerIdC/a.out"

Compiling the CXX compiler identification source file "CMakeCXXCompilerId.cpp" succeeded.
Compiler: /usr/bin/c++ 
Build flags: 
Id flags:  

The output was:
0


Compilation of the CXX compiler identification source "CMakeCXXCompilerId.cpp" produced "a.out"

The CXX compiler identification is GNU, found in "/mnt/c/Users/home/Desktop/aed2122_p05/cmake-build-debug/CMakeFiles/3.16.3/CompilerIdCXX/a.out"

Determining if the C compiler works passed with the following output:
Change Dir: /mnt/c/Users/home/Desktop/aed2122_p05/cmake-build-debug/CMakeFiles/CMakeTmp

Run Build Command(s):/usr/bin/make cmTC_7cdba/fast && /usr/bin/make -f CMakeFiles/cmTC_7cdba.dir/build.make CMakeFiles/cmTC_7cdba.dir/build
make[1]: Entering directory '/mnt/c/Users/home/Desktop/aed2122_p05/cmake-build-debug/CMakeFiles/CMakeTmp'
Building C object CMakeFiles/cmTC_7cdba.dir/testCCompiler.c.o
/usr/bin/cc    -o CMakeFiles/cmTC_7cdba.dir/testCCompiler.c.o   -c /mnt/c/Users/home/Desktop/aed2122_p05/cmake-build-debug/CMakeFiles/CMakeTmp/testCCompiler.c
Linking C executable cmTC_7cdba
/usr/bin/cmake -E cmake_link_script CMakeFiles/cmTC_7cdba.dir/link.txt --verbose=1
/usr/bin/cc      CMakeFiles/cmTC_7cdba.dir/testCCompiler.c.o  -o cmTC_7cdba 
make[1]: Leaving directory '/mnt/c/Users/home/Desktop/aed2122_p05/cmake-build-debug/CMakeFiles/CMakeTmp'



Determining if the CXX compiler works passed with the following output:
Change Dir: /mnt/c/Users/home/Desktop/aed2122_p05/cmake-build-debug/CMakeFiles/CMakeTmp

Run Build Command(s):/usr/bin/make cmTC_aaad9/fast && /usr/bin/make -f CMakeFiles/cmTC_aaad9.dir/build.make CMakeFiles/cmTC_aaad9.dir/build
make[1]: Entering directory '/mnt/c/Users/home/Desktop/aed2122_p05/cmake-build-debug/CMakeFiles/CMakeTmp'
Building CXX object CMakeFiles/cmTC_aaad9.dir/testCXXCompiler.cxx.o
/usr/bin/c++     -o CMakeFiles/cmTC_aaad9.dir/testCXXCompiler.cxx.o -c /mnt/c/Users/home/Desktop/aed2122_p05/cmake-build-debug/CMakeFiles/CMakeTmp/testCXXCompiler.cxx
Linking CXX executable cmTC_aaad9
/usr/bin/cmake -E cmake_link_script CMakeFiles/cmTC_aaad9.dir/link.txt --verbose=1
/usr/bin/c++       CMakeFiles/cmTC_aaad9.dir/testCXXCompiler.cxx.o  -o cmTC_aaad9 
make[1]: Leaving directory '/mnt/c/Users/home/Desktop/aed2122_p05/cmake-build-debug/CMakeFiles/CMakeTmp'



Determining if the include file pthread.h exists passed with the following output:
Change Dir: /mnt/c/Users/home/Desktop/aed2122_p05/cmake-build-debug/CMakeFiles/CMakeTmp

Run Build Command(s):/usr/bin/make cmTC_9c57f/fast && /usr/bin/make -f CMakeFiles/cmTC_9c57f.dir/build.make CMakeFiles/cmTC_9c57f.dir/build
make[1]: Entering directory '/mnt/c/Users/home/Desktop/aed2122_p05/cmake-build-debug/CMakeFiles/CMakeTmp'
Building C object CMakeFiles/cmTC_9c57f.dir/CheckIncludeFile.c.o
/usr/bin/cc    -o CMakeFiles/cmTC_9c57f.dir/CheckIncludeFile.c.o   -c /mnt/c/Users/home/Desktop/aed2122_p05/cmake-build-debug/CMakeFiles/CMakeTmp/CheckIncludeFile.c
Linking C executable cmTC_9c57f
/usr/bin/cmake -E cmake_link_script CMakeFiles/cmTC_9c57f.dir/link.txt --verbose=1
/usr/bin/cc      CMakeFiles/cmTC_9c57f.dir/CheckIncludeFile.c.o  -o cmTC_9c57f 
make[1]: Leaving directory '/mnt/c/Users/home/Desktop/aed2122_p05/cmake-build-debug/CMakeFiles/CMakeTmp'



Determining if the function pthread_create exists in the pthread passed with the following output:
Change Dir: /mnt/c/Users/home/Desktop/aed2122_p05/cmake-build-debug/CMakeFiles/CMakeTmp

Run Build Command(s):/usr/bin/make cmTC_aac2e/fast && /usr/bin/make -f CMakeFiles/cmTC_aac2e.dir/build.make CMakeFiles/cmTC_aac2e.dir/build
make[1]: Entering directory '/mnt/c/Users/home/Desktop/aed2122_p05/cmake-build-debug/CMakeFiles/CMakeTmp'
Building C object CMakeFiles/cmTC_aac2e.dir/CheckFunctionExists.c.o
/usr/bin/cc   -DCHECK_FUNCTION_EXISTS=pthread_create   -o CMakeFiles/cmTC_aac2e.dir/CheckFunctionExists.c.o   -c /usr/share/cmake-3.16/Modules/CheckFunctionExists.c
Linking C executable cmTC_aac2e
/usr/bin/cmake -E cmake_link_script CMakeFiles/cmTC_aac2e.dir/link.txt --verbose=1
/usr/bin/cc  -DCHECK_FUNCTION_EXISTS=pthread_create    CMakeFiles/cmTC_aac2e.dir/CheckFunctionExists.c.o  -o cmTC_aac2e  -lpthread 
make[1]: Leaving directory '/mnt/c/Users/home/Desktop/aed2122_p05/cmake-build-debug/CMakeFiles/CMakeTmp'



